<?xml version="1.0" encoding="UTF-8"?>
<testsuite name="Registrar una unidad de negocio" tests="1" skipped="0" failures="1" errors="0" timestamp="2020-04-22T21:57:02" hostname="CHMEPPF0I6LKM" time="31.169">
  <properties/>
  <testcase name="Registrar una unidad de negocio" classname="Registrar una unidad de negocio" time="31.169">
    <failure message="cucumber.runtime.CucumberException: Arity mismatch: Step Definition 'co.com.choucair.reto.stepdefinitions.RegistroUnidadDeNegocioStepDefinitions.laReunionSeProgramaCorrectamente(String) in file:/D:/RetoChoucair/RetoSerenityDemo/build/classes/java/test/' with pattern [^la reunion se programa correctamente$] is declared with 1 parameters. However, the gherkin step has 0 arguments []. &#10;Step text: la reunion se programa correctamente" type="cucumber.runtime.CucumberException">cucumber.runtime.CucumberException: Arity mismatch: Step Definition 'co.com.choucair.reto.stepdefinitions.RegistroUnidadDeNegocioStepDefinitions.laReunionSeProgramaCorrectamente(String) in file:/D:/RetoChoucair/RetoSerenityDemo/build/classes/java/test/' with pattern [^la reunion se programa correctamente$] is declared with 1 parameters. However, the gherkin step has 0 arguments []. 
Step text: la reunion se programa correctamente
	at cucumber.runtime.StepDefinitionMatch.arityMismatch(StepDefinitionMatch.java:111)
	at cucumber.runtime.StepDefinitionMatch.transformedArgs(StepDefinitionMatch.java:66)
	at cucumber.runtime.StepDefinitionMatch.runStep(StepDefinitionMatch.java:40)
	at cucumber.api.TestStep.executeStep(TestStep.java:102)
	at cucumber.api.TestStep.run(TestStep.java:83)
	at cucumber.api.TestCase.run(TestCase.java:58)
	at cucumber.runner.Runner.runPickle(Runner.java:80)
	at cucumber.runtime.junit.PickleRunners$NoStepDescriptions.run(PickleRunners.java:140)
	at cucumber.runtime.junit.FeatureRunner.runChild(FeatureRunner.java:68)
	at cucumber.runtime.junit.FeatureRunner.runChild(FeatureRunner.java:23)
	at org.junit.runners.ParentRunner$3.run(ParentRunner.java:290)
	at org.junit.runners.ParentRunner$1.schedule(ParentRunner.java:71)
	at org.junit.runners.ParentRunner.runChildren(ParentRunner.java:288)
	at org.junit.runners.ParentRunner.access$000(ParentRunner.java:58)
	at org.junit.runners.ParentRunner$2.evaluate(ParentRunner.java:268)
	at org.junit.runners.ParentRunner.run(ParentRunner.java:363)
	at cucumber.runtime.junit.FeatureRunner.run(FeatureRunner.java:73)
	at cucumber.api.junit.Cucumber.runChild(Cucumber.java:118)
	at cucumber.api.junit.Cucumber.runChild(Cucumber.java:56)
	at org.junit.runners.ParentRunner$3.run(ParentRunner.java:290)
	at org.junit.runners.ParentRunner$1.schedule(ParentRunner.java:71)
	at org.junit.runners.ParentRunner.runChildren(ParentRunner.java:288)
	at org.junit.runners.ParentRunner.access$000(ParentRunner.java:58)
	at org.junit.runners.ParentRunner$2.evaluate(ParentRunner.java:268)
	at cucumber.api.junit.Cucumber$1.evaluate(Cucumber.java:127)
	at org.junit.runners.ParentRunner.run(ParentRunner.java:363)
	at org.gradle.api.internal.tasks.testing.junit.JUnitTestClassExecutor.runTestClass(JUnitTestClassExecutor.java:110)
	at org.gradle.api.internal.tasks.testing.junit.JUnitTestClassExecutor.execute(JUnitTestClassExecutor.java:58)
	at org.gradle.api.internal.tasks.testing.junit.JUnitTestClassExecutor.execute(JUnitTestClassExecutor.java:38)
	at org.gradle.api.internal.tasks.testing.junit.AbstractJUnitTestClassProcessor.processTestClass(AbstractJUnitTestClassProcessor.java:62)
	at org.gradle.api.internal.tasks.testing.SuiteTestClassProcessor.processTestClass(SuiteTestClassProcessor.java:51)
	at sun.reflect.NativeMethodAccessorImpl.invoke0(Native Method)
	at sun.reflect.NativeMethodAccessorImpl.invoke(NativeMethodAccessorImpl.java:62)
	at sun.reflect.DelegatingMethodAccessorImpl.invoke(DelegatingMethodAccessorImpl.java:43)
	at java.lang.reflect.Method.invoke(Method.java:498)
	at org.gradle.internal.dispatch.ReflectionDispatch.dispatch(ReflectionDispatch.java:35)
	at org.gradle.internal.dispatch.ReflectionDispatch.dispatch(ReflectionDispatch.java:24)
	at org.gradle.internal.dispatch.ContextClassLoaderDispatch.dispatch(ContextClassLoaderDispatch.java:32)
	at org.gradle.internal.dispatch.ProxyDispatchAdapter$DispatchingInvocationHandler.invoke(ProxyDispatchAdapter.java:93)
	at com.sun.proxy.$Proxy2.processTestClass(Unknown Source)
	at org.gradle.api.internal.tasks.testing.worker.TestWorker.processTestClass(TestWorker.java:118)
	at sun.reflect.NativeMethodAccessorImpl.invoke0(Native Method)
	at sun.reflect.NativeMethodAccessorImpl.invoke(NativeMethodAccessorImpl.java:62)
	at sun.reflect.DelegatingMethodAccessorImpl.invoke(DelegatingMethodAccessorImpl.java:43)
	at java.lang.reflect.Method.invoke(Method.java:498)
	at org.gradle.internal.dispatch.ReflectionDispatch.dispatch(ReflectionDispatch.java:35)
	at org.gradle.internal.dispatch.ReflectionDispatch.dispatch(ReflectionDispatch.java:24)
	at org.gradle.internal.remote.internal.hub.MessageHubBackedObjectConnection$DispatchWrapper.dispatch(MessageHubBackedObjectConnection.java:175)
	at org.gradle.internal.remote.internal.hub.MessageHubBackedObjectConnection$DispatchWrapper.dispatch(MessageHubBackedObjectConnection.java:157)
	at org.gradle.internal.remote.internal.hub.MessageHub$Handler.run(MessageHub.java:404)
	at org.gradle.internal.concurrent.ExecutorPolicy$CatchAndRecordFailures.onExecute(ExecutorPolicy.java:63)
	at org.gradle.internal.concurrent.ManagedExecutorImpl$1.run(ManagedExecutorImpl.java:46)
	at java.util.concurrent.ThreadPoolExecutor.runWorker(ThreadPoolExecutor.java:1142)
	at java.util.concurrent.ThreadPoolExecutor$Worker.run(ThreadPoolExecutor.java:617)
	at org.gradle.internal.concurrent.ThreadFactoryImpl$ManagedThreadRunnable.run(ThreadFactoryImpl.java:55)
	at java.lang.Thread.run(Thread.java:748)
</failure>
  </testcase>
  <system-out><![CDATA[




























]]></system-out>
  <system-err><![CDATA[abr 22, 2020 4:57:03 PM org.openqa.selenium.remote.DesiredCapabilities chrome
INFORMACIÓN: Using `new ChromeOptions()` is preferred to `DesiredCapabilities.chrome()`
Starting ChromeDriver 80.0.3987.106 (f68069574609230cf9b635cd784cfb1bf81bb53a-refs/branch-heads/3987@{#882}) on port 31046
Only local connections are allowed.
Please protect ports used by ChromeDriver and related test frameworks to prevent access by malicious code.
abr 22, 2020 4:57:10 PM org.openqa.selenium.remote.ProtocolHandshake createSession
INFORMACIÓN: Detected dialect: W3C
[1587592632.073][SEVERE]: Timed out receiving message from renderer: 0.100
[1587592632.174][SEVERE]: Timed out receiving message from renderer: 0.100
[1587592632.276][SEVERE]: Timed out receiving message from renderer: 0.100
[1587592632.379][SEVERE]: Timed out receiving message from renderer: 0.100
[1587592632.481][SEVERE]: Timed out receiving message from renderer: 0.100
[1587592632.582][SEVERE]: Timed out receiving message from renderer: 0.100
[1587592632.683][SEVERE]: Timed out receiving message from renderer: 0.100
[1587592632.820][SEVERE]: Timed out receiving message from renderer: 0.100
[1587592632.921][SEVERE]: Timed out receiving message from renderer: 0.100
[1587592633.023][SEVERE]: Timed out receiving message from renderer: 0.100
[1587592633.124][SEVERE]: Timed out receiving message from renderer: 0.100
[1587592633.225][SEVERE]: Timed out receiving message from renderer: 0.100
[1587592633.327][SEVERE]: Timed out receiving message from renderer: 0.100
[1587592633.429][SEVERE]: Timed out receiving message from renderer: 0.100
[1587592633.531][SEVERE]: Timed out receiving message from renderer: 0.100
[1587592633.861][SEVERE]: Timed out receiving message from renderer: 0.100
[1587592634.050][SEVERE]: Timed out receiving message from renderer: 0.100
[1587592634.152][SEVERE]: Timed out receiving message from renderer: 0.100
[1587592638.403][SEVERE]: Timed out receiving message from renderer: 0.100
[1587592638.504][SEVERE]: Timed out receiving message from renderer: 0.100
[1587592638.605][SEVERE]: Timed out receiving message from renderer: 0.100
[1587592638.707][SEVERE]: Timed out receiving message from renderer: 0.100
[1587592639.052][SEVERE]: Timed out receiving message from renderer: 0.100
[1587592639.305][SEVERE]: Timed out receiving message from renderer: 0.100
[1587592640.012][SEVERE]: Timed out receiving message from renderer: 0.100
[1587592640.233][SEVERE]: Timed out receiving message from renderer: 0.100
[1587592640.379][SEVERE]: Timed out receiving message from renderer: 0.100
[1587592641.839][SEVERE]: Timed out receiving message from renderer: 0.100
[1587592642.047][SEVERE]: Timed out receiving message from renderer: 0.100
[1587592645.642][SEVERE]: Timed out receiving message from renderer: 0.100
[1587592645.763][SEVERE]: Timed out receiving message from renderer: 0.100
[1587592645.955][SEVERE]: Timed out receiving message from renderer: 0.100
[Test worker] ERROR net.thucydides.core.steps.ConsoleLoggingListener - 
           __  _____ _____ ____ _____   _____ _    ___ _     _____ ____  
  _       / / |_   _| ____/ ___|_   _| |  ___/ \  |_ _| |   | ____|  _ \ 
 (_)_____| |    | | |  _| \___ \ | |   | |_ / _ \  | || |   |  _| | | | |
  _|_____| |    | | | |___ ___) || |   |  _/ ___ \ | || |___| |___| |_| |
 (_)     | |    |_| |_____|____/ |_|   |_|/_/   \_\___|_____|_____|____/ 
          \_\                                                            

TEST FAILED WITH ERROR: Registrar una unidad de negocio
---------------------------------------------------------------------
[Test worker] ERROR net.thucydides.core.steps.ConsoleLoggingListener - TEST FAILED AT STEP Entonces la reunion se programa correctamente
[Test worker] ERROR net.thucydides.core.steps.ConsoleLoggingListener - Arity mismatch: Step Definition 'co.com.choucair.reto.stepdefinitions.RegistroUnidadDeNegocioStepDefinitions.laReunionSeProgramaCorrectamente(String) in file:/D:/RetoChoucair/RetoSerenityDemo/build/classes/java/test/' with pattern [^la reunion se programa correctamente$] is declared with 1 parameters. However, the gherkin step has 0 arguments []. 
]]></system-err>
</testsuite>
